<?xml version="1.0" encoding="UTF-8"?>
<!-- Generated by org.testng.reporters.JUnitReportReporter -->
<testsuite ignored="0" hostname="heved-desktop" failures="0" tests="1" name="tcs_InsSers.TC002_Render_Polizas_Obj" time="7.256" errors="0" timestamp="16 Apr 2024 19:55:46 GMT" skipped="0">
  <testcase classname="tcs_InsSers.TC002_Render_Polizas_Obj" name="TC002" time="7.256"/>
</testsuite> <!-- tcs_InsSers.TC002_Render_Polizas_Obj -->
