<?xml version="1.0" encoding="UTF-8"?>
<!-- Generated by org.testng.reporters.JUnitReportReporter -->
<testsuite ignored="0" hostname="heved-desktop" failures="0" tests="1" name="tcs_InsSers.TC001_Verify_Authentication" time="10.783" errors="0" timestamp="16 Apr 2024 19:16:15 GMT" skipped="0">
  <testcase classname="tcs_InsSers.TC001_Verify_Authentication" name="TC001" time="10.783"/>
</testsuite> <!-- tcs_InsSers.TC001_Verify_Authentication -->
